<?xml version="1.0" encoding="UTF-8"?>
<!-- Generated by org.testng.reporters.JUnitReportReporter -->
<testsuite hostname="LAPTOP-AJMA78HC" failures="0" tests="1" name="testcases.AdminMenuManageRoleTest" time="18.909" errors="0" timestamp="2023-02-19T17:09:11 IST" skipped="0">
  <testcase classname="testcases.AdminMenuManageRoleTest" name="verifyAdminMenuManageRole" time="18.909"/>
  <system-out/>
</testsuite> <!-- testcases.AdminMenuManageRoleTest -->
