<?xml version="1.0" encoding="UTF-8"?>
<!-- Generated by org.testng.reporters.JUnitReportReporter -->
<testsuite hostname="LAPTOP-AJMA78HC" failures="0" tests="1" name="testcases.AdminMenuTest" time="11.676" errors="0" timestamp="2023-02-11T03:40:31 IST" skipped="0">
  <testcase classname="testcases.AdminMenuTest" name="verifyAddUser" time="11.676"/>
  <system-out/>
</testsuite> <!-- testcases.AdminMenuTest -->
