<?xml version="1.0" encoding="UTF-8"?>
<!-- Generated by org.testng.reporters.JUnitReportReporter -->
<testsuite hostname="LAPTOP-AJMA78HC" failures="0" tests="1" name="testcases.AddCustomerProfileTest" time="10.836" errors="0" timestamp="2023-02-08T23:45:20 IST" skipped="0">
  <testcase classname="testcases.AddCustomerProfileTest" name="verifyAddCustomer" time="10.836"/>
  <system-out/>
</testsuite> <!-- testcases.AddCustomerProfileTest -->
